Build started 2015/3/18 上午 12:36:04.
     1>Project "C:\Users\Eric\Documents\GitHub\myCplusplus\example\version2010\Class\cpp_CreateClass\cpp_CreateClass.vcxproj" on node 3 (rebuild target(s)).
     1>_PrepareForClean:
         Deleting file "Debug\cpp_useCaseBox.lastbuildstate".
       InitializeBuildStatus:
         Creating "Debug\cpp_useCaseBox.unsuccessfulbuild" because "AlwaysCreate" was specified.
       ClCompile:
         C:\Program Files (x86)\Microsoft Visual Studio 10.0\VC\bin\CL.exe /c /ZI /nologo /W3 /WX- /Od /Oy- /D _MBCS /Gm /EHsc /RTC1 /MDd /GS /fp:precise /Zc:wchar_t /Zc:forScope /Fo"Debug\\" /Fd"Debug\vc100.pdb" /Gd /TP /analyze- /errorReport:prompt CaseBox.cpp main.cpp
         main.cpp
         CaseBox.cpp
         Generating Code...
       Link:
         C:\Program Files (x86)\Microsoft Visual Studio 10.0\VC\bin\link.exe /ERRORREPORT:PROMPT /OUT:"C:\Users\Eric\Documents\GitHub\myCplusplus\example\version2010\Class\Debug\cpp_useCaseBox.exe" /NOLOGO kernel32.lib user32.lib gdi32.lib winspool.lib comdlg32.lib advapi32.lib shell32.lib ole32.lib oleaut32.lib uuid.lib odbc32.lib odbccp32.lib /MANIFEST /ManifestFile:"Debug\cpp_useCaseBox.exe.intermediate.manifest" /MANIFESTUAC:"level='asInvoker' uiAccess='false'" /DEBUG /PDB:"C:\Users\Eric\Documents\GitHub\myCplusplus\example\version2010\Class\Debug\cpp_useCaseBox.pdb" /TLBID:1 /DYNAMICBASE /NXCOMPAT /IMPLIB:"C:\Users\Eric\Documents\GitHub\myCplusplus\example\version2010\Class\Debug\cpp_useCaseBox.lib" /MACHINE:X86 Debug\CaseBox.obj
         Debug\main.obj
         cpp_CreateClass.vcxproj -> C:\Users\Eric\Documents\GitHub\myCplusplus\example\version2010\Class\Debug\cpp_useCaseBox.exe
       Manifest:
         C:\Program Files (x86)\Microsoft SDKs\Windows\v7.0A\bin\mt.exe /nologo /verbose /outputresource:"C:\Users\Eric\Documents\GitHub\myCplusplus\example\version2010\Class\Debug\cpp_useCaseBox.exe;#1" /manifest Debug\cpp_useCaseBox.exe.intermediate.manifest
       FinalizeBuildStatus:
         Deleting file "Debug\cpp_useCaseBox.unsuccessfulbuild".
         Touching "Debug\cpp_useCaseBox.lastbuildstate".
     1>Done Building Project "C:\Users\Eric\Documents\GitHub\myCplusplus\example\version2010\Class\cpp_CreateClass\cpp_CreateClass.vcxproj" (rebuild target(s)).

Build succeeded.

Time Elapsed 00:00:01.57
