Build started 2015/3/10 下午 10:47:17.
     1>Project "C:\Users\Eric\Documents\GitHub\myCplusplus\example\cpp_class\cpp_class\cpp_class.vcxproj" on node 2 (build target(s)).
     1>InitializeBuildStatus:
         Touching "Debug\cpp_class.unsuccessfulbuild".
       ClCompile:
         C:\Program Files (x86)\Microsoft Visual Studio 10.0\VC\bin\CL.exe /c /Zi /nologo /W3 /WX- /Od /Oy- /D _MBCS /Gm /EHsc /RTC1 /MDd /GS /fp:precise /Zc:wchar_t /Zc:forScope /Fo"Debug\\" /Fd"Debug\vc100.pdb" /Gd /TP /analyze- /errorReport:prompt main.cpp
         main.cpp
       Link:
         C:\Program Files (x86)\Microsoft Visual Studio 10.0\VC\bin\link.exe /ERRORREPORT:PROMPT /OUT:"C:\Users\Eric\Documents\GitHub\myCplusplus\example\cpp_class\Debug\cpp_class.exe" /NOLOGO kernel32.lib user32.lib gdi32.lib winspool.lib comdlg32.lib advapi32.lib shell32.lib ole32.lib oleaut32.lib uuid.lib odbc32.lib odbccp32.lib /MANIFEST /ManifestFile:"Debug\cpp_class.exe.intermediate.manifest" /MANIFESTUAC:"level='asInvoker' uiAccess='false'" /DEBUG /PDB:"C:\Users\Eric\Documents\GitHub\myCplusplus\example\cpp_class\Debug\cpp_class.pdb" /TLBID:1 /DYNAMICBASE /NXCOMPAT /IMPLIB:"C:\Users\Eric\Documents\GitHub\myCplusplus\example\cpp_class\Debug\cpp_class.lib" /MACHINE:X86 Debug\cCaseBox.obj
         Debug\main.obj
         LINK : C:\Users\Eric\Documents\GitHub\myCplusplus\example\cpp_class\Debug\cpp_class.exe not found or not built by the last incremental link; performing full link
         cpp_class.vcxproj -> C:\Users\Eric\Documents\GitHub\myCplusplus\example\cpp_class\Debug\cpp_class.exe
       Manifest:
         C:\Program Files (x86)\Microsoft SDKs\Windows\v7.0A\bin\mt.exe /nologo /verbose /outputresource:"C:\Users\Eric\Documents\GitHub\myCplusplus\example\cpp_class\Debug\cpp_class.exe;#1" /manifest Debug\cpp_class.exe.intermediate.manifest
       FinalizeBuildStatus:
         Deleting file "Debug\cpp_class.unsuccessfulbuild".
         Touching "Debug\cpp_class.lastbuildstate".
     1>Done Building Project "C:\Users\Eric\Documents\GitHub\myCplusplus\example\cpp_class\cpp_class\cpp_class.vcxproj" (build target(s)).

Build succeeded.

Time Elapsed 00:00:01.16
