Build started 2015/3/24 下午 07:01:49.
     1>Project "C:\Users\Eric\Documents\GitHub\myCplusplus\example\version2010\Study Notes\7-1.Point And Momery Address\7-1.Point And Momery Address.vcxproj" on node 2 (build target(s)).
     1>InitializeBuildStatus:
         Creating "Debug\7-1.Point And Momery Address.unsuccessfulbuild" because "AlwaysCreate" was specified.
       ClCompile:
         C:\Program Files (x86)\Microsoft Visual Studio 10.0\VC\bin\CL.exe /c /ZI /nologo /W3 /WX- /Od /Oy- /D _MBCS /Gm /EHsc /RTC1 /MDd /GS /fp:precise /Zc:wchar_t /Zc:forScope /Fo"Debug\\" /Fd"Debug\vc100.pdb" /Gd /TP /analyze- /errorReport:prompt Source.cpp
         Source.cpp
     1>c:\users\eric\documents\github\mycplusplus\example\version2010\study notes\7-1.point and momery address\source.cpp(19): warning C4101: 'fptr' : unreferenced local variable
     1>c:\users\eric\documents\github\mycplusplus\example\version2010\study notes\7-1.point and momery address\source.cpp(18): warning C4101: 'iptr' : unreferenced local variable
     1>c:\users\eric\documents\github\mycplusplus\example\version2010\study notes\7-1.point and momery address\source.cpp(20): warning C4101: 'cptr' : unreferenced local variable
       Link:
         C:\Program Files (x86)\Microsoft Visual Studio 10.0\VC\bin\link.exe /ERRORREPORT:PROMPT /OUT:"C:\Users\Eric\Documents\GitHub\myCplusplus\example\version2010\Study Notes\Debug\7-1.Point And Momery Address.exe" /NOLOGO kernel32.lib user32.lib gdi32.lib winspool.lib comdlg32.lib advapi32.lib shell32.lib ole32.lib oleaut32.lib uuid.lib odbc32.lib odbccp32.lib /MANIFEST /ManifestFile:"Debug\7-1.Point And Momery Address.exe.intermediate.manifest" /MANIFESTUAC:"level='asInvoker' uiAccess='false'" /DEBUG /PDB:"C:\Users\Eric\Documents\GitHub\myCplusplus\example\version2010\Study Notes\Debug\7-1.Point And Momery Address.pdb" /TLBID:1 /DYNAMICBASE /NXCOMPAT /IMPLIB:"C:\Users\Eric\Documents\GitHub\myCplusplus\example\version2010\Study Notes\Debug\7-1.Point And Momery Address.lib" /MACHINE:X86 Debug\Source.obj
         LINK : C:\Users\Eric\Documents\GitHub\myCplusplus\example\version2010\Study Notes\Debug\7-1.Point And Momery Address.exe not found or not built by the last incremental link; performing full link
         7-1.Point And Momery Address.vcxproj -> C:\Users\Eric\Documents\GitHub\myCplusplus\example\version2010\Study Notes\Debug\7-1.Point And Momery Address.exe
       Manifest:
         C:\Program Files (x86)\Microsoft SDKs\Windows\v7.0A\bin\mt.exe /nologo /verbose /outputresource:"C:\Users\Eric\Documents\GitHub\myCplusplus\example\version2010\Study Notes\Debug\7-1.Point And Momery Address.exe;#1" /manifest "Debug\7-1.Point And Momery Address.exe.intermediate.manifest"
       FinalizeBuildStatus:
         Deleting file "Debug\7-1.Point And Momery Address.unsuccessfulbuild".
         Touching "Debug\7-1.Point And Momery Address.lastbuildstate".
     1>Done Building Project "C:\Users\Eric\Documents\GitHub\myCplusplus\example\version2010\Study Notes\7-1.Point And Momery Address\7-1.Point And Momery Address.vcxproj" (build target(s)).

Build succeeded.

Time Elapsed 00:00:00.79
