c:\users\taianluo\documents\github\mycplusplus\example\version2013\study notes\execption class\debug\vc120.pdb
c:\users\taianluo\documents\github\mycplusplus\example\version2013\study notes\execption class\debug\vc120.idb
c:\users\taianluo\documents\github\mycplusplus\example\version2013\study notes\execption class\debug\arrayindexoutofboundsexception.nativecodeanalysis.xml
c:\users\taianluo\documents\github\mycplusplus\example\version2013\study notes\execption class\debug\exception.nativecodeanalysis.xml
c:\users\taianluo\documents\github\mycplusplus\example\version2013\study notes\execption class\debug\main.nativecodeanalysis.xml
c:\users\taianluo\documents\github\mycplusplus\example\version2013\study notes\execption class\debug\safearray.nativecodeanalysis.xml
c:\users\taianluo\documents\github\mycplusplus\example\version2013\study notes\execption class\debug\safearray.obj
c:\users\taianluo\documents\github\mycplusplus\example\version2013\study notes\execption class\debug\main.obj
c:\users\taianluo\documents\github\mycplusplus\example\version2013\study notes\execption class\debug\exception.obj
c:\users\taianluo\documents\github\mycplusplus\example\version2013\study notes\execption class\debug\arrayindexoutofboundsexception.obj
c:\users\taianluo\documents\github\mycplusplus\example\version2013\study notes\debug\execption class.ilk
c:\users\taianluo\documents\github\mycplusplus\example\version2013\study notes\debug\execption class.exe
c:\users\taianluo\documents\github\mycplusplus\example\version2013\study notes\debug\execption class.pdb
c:\users\taianluo\documents\github\mycplusplus\example\version2013\study notes\execption class\debug\nativecodeanalysis.read.1.tlog
c:\users\taianluo\documents\github\mycplusplus\example\version2013\study notes\execption class\debug\vc.nativecodeanalysis.all.xml
c:\users\taianluo\documents\github\mycplusplus\example\version2013\study notes\debug\execption class.exe.lastcodeanalysissucceeded
c:\users\taianluo\documents\github\mycplusplus\example\version2013\study notes\execption class\debug\execption class.tlog\cl.command.1.tlog
c:\users\taianluo\documents\github\mycplusplus\example\version2013\study notes\execption class\debug\execption class.tlog\cl.read.1.tlog
c:\users\taianluo\documents\github\mycplusplus\example\version2013\study notes\execption class\debug\execption class.tlog\cl.write.1.tlog
c:\users\taianluo\documents\github\mycplusplus\example\version2013\study notes\execption class\debug\execption class.tlog\link.command.1.tlog
c:\users\taianluo\documents\github\mycplusplus\example\version2013\study notes\execption class\debug\execption class.tlog\link.read.1.tlog
c:\users\taianluo\documents\github\mycplusplus\example\version2013\study notes\execption class\debug\execption class.tlog\link.write.1.tlog
