Build started 2015/3/22 下午 11:45:47.
     1>Project "C:\Users\Eric\Documents\GitHub\myCplusplus\example\version2010\Study Notes\8-1.Class\8-1.Class.vcxproj" on node 2 (build target(s)).
     1>InitializeBuildStatus:
         Creating "Debug\8-1.Class.unsuccessfulbuild" because "AlwaysCreate" was specified.
       ClCompile:
         C:\Program Files (x86)\Microsoft Visual Studio 10.0\VC\bin\CL.exe /c /ZI /nologo /W3 /WX- /Od /Oy- /D _MBCS /Gm /EHsc /RTC1 /MDd /GS /fp:precise /Zc:wchar_t /Zc:forScope /Fo"Debug\\" /Fd"Debug\vc100.pdb" /Gd /TP /analyze- /errorReport:prompt Source.cpp object_Ball.cpp
         object_Ball.cpp
         Source.cpp
         Generating Code...
       Link:
         C:\Program Files (x86)\Microsoft Visual Studio 10.0\VC\bin\link.exe /ERRORREPORT:PROMPT /OUT:"C:\Users\Eric\Documents\GitHub\myCplusplus\example\version2010\Study Notes\Debug\8-1.Class.exe" /NOLOGO kernel32.lib user32.lib gdi32.lib winspool.lib comdlg32.lib advapi32.lib shell32.lib ole32.lib oleaut32.lib uuid.lib odbc32.lib odbccp32.lib /MANIFEST /ManifestFile:"Debug\8-1.Class.exe.intermediate.manifest" /MANIFESTUAC:"level='asInvoker' uiAccess='false'" /DEBUG /PDB:"C:\Users\Eric\Documents\GitHub\myCplusplus\example\version2010\Study Notes\Debug\8-1.Class.pdb" /TLBID:1 /DYNAMICBASE /NXCOMPAT /IMPLIB:"C:\Users\Eric\Documents\GitHub\myCplusplus\example\version2010\Study Notes\Debug\8-1.Class.lib" /MACHINE:X86 Debug\object_Ball.obj
         Debug\Source.obj
         LINK : C:\Users\Eric\Documents\GitHub\myCplusplus\example\version2010\Study Notes\Debug\8-1.Class.exe not found or not built by the last incremental link; performing full link
         8-1.Class.vcxproj -> C:\Users\Eric\Documents\GitHub\myCplusplus\example\version2010\Study Notes\Debug\8-1.Class.exe
       Manifest:
         C:\Program Files (x86)\Microsoft SDKs\Windows\v7.0A\bin\mt.exe /nologo /verbose /outputresource:"C:\Users\Eric\Documents\GitHub\myCplusplus\example\version2010\Study Notes\Debug\8-1.Class.exe;#1" /manifest "Debug\8-1.Class.exe.intermediate.manifest"
       FinalizeBuildStatus:
         Deleting file "Debug\8-1.Class.unsuccessfulbuild".
         Touching "Debug\8-1.Class.lastbuildstate".
     1>Done Building Project "C:\Users\Eric\Documents\GitHub\myCplusplus\example\version2010\Study Notes\8-1.Class\8-1.Class.vcxproj" (build target(s)).

Build succeeded.

Time Elapsed 00:00:01.04
